<?xml version="1.0" encoding="UTF-8"?>
<!-- Generated by org.testng.reporters.JUnitReportReporter -->
<testsuite hostname="DF5325NB237" failures="0" tests="1" name="test.Login" time="13.846" errors="0" timestamp="03 jul 2019 18:51:57 GMT" skipped="0">
  <testcase classname="test.Login" name="CEN01_RealizaLoginAVLATD" time="13.846"/>
</testsuite> <!-- test.Login -->
