<?xml version="1.0" encoding="UTF-8"?>
<!-- Generated by org.testng.reporters.JUnitReportReporter -->
<testsuite skipped="0" hostname="andre" name="br.com.portalIdeia.test.BuscaAppVisaoConsolidadaStep" tests="2" failures="0" timestamp="27 mai 2019 20:05:32 GMT" time="41.965" errors="0">
  <testcase name="CEN02_BuscaVisaoConsolidadaTodosAPP" time="22.952" classname="br.com.portalIdeia.test.BuscaAppVisaoConsolidadaStep"/>
  <testcase name="CEN01_BuscaVisaoConsolidadaUmAPP" time="19.013" classname="br.com.portalIdeia.test.BuscaAppVisaoConsolidadaStep"/>
</testsuite> <!-- br.com.portalIdeia.test.BuscaAppVisaoConsolidadaStep -->
