<?xml version="1.0" encoding="UTF-8"?>
<!-- Generated by org.testng.reporters.JUnitReportReporter -->
<testsuite hostname="DF5325NB237" failures="0" tests="1" name="test.Login" time="21.090" errors="0" timestamp="03 jul 2019 21:17:03 GMT" skipped="0">
  <testcase classname="test.Login" name="CEN01_RealizaLoginAVLATD" time="21.090"/>
</testsuite> <!-- test.Login -->
