<?xml version="1.0" encoding="UTF-8"?>
<!-- Generated by org.testng.reporters.JUnitReportReporter -->
<testsuite hostname="DF5325NB237" failures="0" tests="1" name="test.Login" time="20.231" errors="0" timestamp="03 jul 2019 19:12:02 GMT" skipped="0">
  <testcase classname="test.Login" name="CEN01_RealizaLoginAVLATD" time="20.231"/>
</testsuite> <!-- test.Login -->
