<?xml version="1.0" encoding="UTF-8"?>
<!-- Generated by org.testng.reporters.JUnitReportReporter -->
<testsuite hostname="DF5325NB237" failures="0" tests="1" name="test.Login" time="11.694" errors="0" timestamp="02 jul 2019 20:51:49 GMT" skipped="0">
  <testcase classname="test.Login" name="CEN01_RealizaLoginAVLATD" time="11.694"/>
</testsuite> <!-- test.Login -->
