<?xml version="1.0" encoding="UTF-8"?>
<!-- Generated by org.testng.reporters.JUnitReportReporter -->
<testsuite skipped="0" hostname="andre" name="br.com.portalIdeia.test.Larissa" tests="2" failures="0" timestamp="29 mai 2019 01:06:15 GMT" time="31.688" errors="0">
  <testcase name="acessa_iten" time="15.696" classname="br.com.portalIdeia.test.Larissa"/>
  <testcase name="escrevenome" time="15.992" classname="br.com.portalIdeia.test.Larissa"/>
</testsuite> <!-- br.com.portalIdeia.test.Larissa -->
