<?xml version="1.0" encoding="UTF-8"?>
<!-- Generated by org.testng.reporters.JUnitReportReporter -->
<testsuite skipped="0" hostname="andre" name="teste.TestNG" tests="3" failures="0" timestamp="24 mai 2019 18:33:41 GMT" time="10.868" errors="0">
  <testcase name="teste01" time="4.494" classname="teste.TestNG"/>
  <testcase name="teste03" time="3.102" classname="teste.TestNG"/>
  <testcase name="teste02" time="3.272" classname="teste.TestNG"/>
</testsuite> <!-- teste.TestNG -->
