<?xml version="1.0" encoding="UTF-8"?>
<!-- Generated by org.testng.reporters.JUnitReportReporter -->
<testsuite skipped="0" hostname="andre" name="br.com.portalIdeia.test.BuscarAppFiltro" tests="1" failures="0" timestamp="27 mai 2019 15:00:23 GMT" time="24.163" errors="0">
  <testcase name="buscaAppFiltroTodos" time="24.163" classname="br.com.portalIdeia.test.BuscarAppFiltro"/>
</testsuite> <!-- br.com.portalIdeia.test.BuscarAppFiltro -->
