<?xml version="1.0" encoding="UTF-8"?>
<!-- Generated by org.testng.reporters.JUnitReportReporter -->
<testsuite hostname="DF5325NB237" failures="0" tests="1" name="test.Login" time="10.871" errors="0" timestamp="05 jul 2019 14:02:04 GMT" skipped="0">
  <testcase classname="test.Login" name="CEN01_RealizaLoginAVLATD" time="10.871"/>
</testsuite> <!-- test.Login -->
